29/апр./2022 12:03:22,648- ComandExecuter: ComandExecuter is started
29/апр./2022 12:03:23,078- ComandExecuter: showTasks is done
30/апр./2022 15:50:29,865- ComandExecuter: ComandExecuter is started
30/апр./2022 15:50:29,865- ComandExecuter: Command not use, try again
30/апр./2022 16:00:24,535- ComandExecuter: ComandExecuter is started
30/апр./2022 16:00:24,535- ComandExecuter: Command not use, try again
30/апр./2022 16:06:07,847- ComandExecuter: ComandExecuter is started
30/апр./2022 16:06:07,863- ComandExecuter: Command not use, try again
30/апр./2022 16:06:33,217- ComandExecuter: ComandExecuter is started
30/апр./2022 16:06:33,217- ComandExecuter: Command not use, try again
30/апр./2022 16:06:48,635- ComandExecuter: ComandExecuter is started
30/апр./2022 16:06:48,635- ComandExecuter: Command not use, try again
30/апр./2022 16:23:22,578- ComandExecuter: ComandExecuter is started
30/апр./2022 16:23:22,578- ComandExecuter: Command not use, try again
30/апр./2022 16:24:00,208- ComandExecuter: ComandExecuter is started
30/апр./2022 16:24:00,208- ComandExecuter: Command not use, try again
30/апр./2022 16:25:22,972- ComandExecuter: ComandExecuter is started
30/апр./2022 16:25:22,972- ComandExecuter: Command not use, try again
30/апр./2022 16:26:26,941- ComandExecuter: ComandExecuter is started
30/апр./2022 16:26:26,941- ComandExecuter: Command not use, try again
30/апр./2022 16:27:06,179- ComandExecuter: ComandExecuter is started
30/апр./2022 16:27:06,179- ComandExecuter: Command not use, try again
30/апр./2022 16:33:24,858- ComandExecuter: ComandExecuter is started
30/апр./2022 16:33:24,858- ComandExecuter: Command not use, try again
30/апр./2022 16:37:15,278- ComandExecuter: ComandExecuter is started
30/апр./2022 16:37:15,278- ComandExecuter: Command not use, try again
25/мая/2022 10:11:22,523- ComandExecuter: ComandExecuter is started
25/мая/2022 10:11:23,070- ComandExecuter: showTasks is done
25/мая/2022 10:13:30,352- ComandExecuter: ComandExecuter is started
25/мая/2022 10:16:10,170- ComandExecuter: ComandExecuter is started
25/мая/2022 10:33:29,741- ComandExecuter: ComandExecuter is started
25/мая/2022 10:34:37,268- ComandExecuter: ComandExecuter is started
25/мая/2022 10:34:57,690- ComandExecuter: ComandExecuter is started
25/мая/2022 10:35:02,504- ComandExecuter: ComandExecuter is started
25/мая/2022 10:35:48,466- ComandExecuter: ComandExecuter is started
25/мая/2022 10:36:33,061- ComandExecuter: ComandExecuter is started
25/мая/2022 10:36:51,720- ComandExecuter: ComandExecuter is started
25/мая/2022 10:37:14,743- ComandExecuter: ComandExecuter is started
25/мая/2022 10:37:29,340- ComandExecuter: ComandExecuter is started
25/мая/2022 10:39:02,317- ComandExecuter: ComandExecuter is started
25/мая/2022 11:06:08,030- ComandExecuter: ComandExecuter is started
25/мая/2022 11:08:14,413- ComandExecuter: ComandExecuter is started
25/мая/2022 11:09:18,863- ComandExecuter: ComandExecuter is started
25/мая/2022 11:09:31,432- ComandExecuter: ComandExecuter is started
25/мая/2022 11:11:00,964- ComandExecuter: ComandExecuter is started
25/мая/2022 11:11:59,807- ComandExecuter: ComandExecuter is started
25/мая/2022 11:12:19,677- ComandExecuter: ComandExecuter is started
25/мая/2022 12:18:07,397- ComandExecuter: ComandExecuter is started
25/мая/2022 12:18:07,800- ComandExecuter: showAllUsers is done
25/мая/2022 12:23:19,245- ComandExecuter: ComandExecuter is started
25/мая/2022 12:24:06,187- ComandExecuter: ComandExecuter is started
25/мая/2022 12:24:06,577- ComandExecuter: showAllUsers is done
25/мая/2022 12:24:32,081- ComandExecuter: ComandExecuter is started
25/мая/2022 12:24:32,479- ComandExecuter: showAllUsers is done
25/мая/2022 12:25:29,528- ComandExecuter: ComandExecuter is started
25/мая/2022 12:33:53,015- ComandExecuter: ComandExecuter is started
25/мая/2022 12:33:53,603- ComandExecuter: addTask is done
25/мая/2022 12:47:27,354- ComandExecuter: ComandExecuter is started
25/мая/2022 12:47:27,731- ComandExecuter: showAllUsers is done
25/мая/2022 13:01:14,931- ComandExecuter: ComandExecuter is started
25/мая/2022 13:01:15,338- ComandExecuter: showAllUsers is done
25/мая/2022 13:01:26,294- ComandExecuter: ComandExecuter is started
25/мая/2022 13:01:26,833- ComandExecuter: showTasks is done
26/мая/2022 11:13:35,999- ComandExecuter: ComandExecuter is started
26/мая/2022 11:13:36,528- ComandExecuter: showTasks is done
26/мая/2022 12:24:43,136- ComandExecuter: ComandExecuter is started
26/мая/2022 12:24:43,667- ComandExecuter: showTasks is done
26/мая/2022 12:24:49,902- ComandExecuter: ComandExecuter is started
26/мая/2022 12:24:50,294- ComandExecuter: showAllUsers is done
