27/апр./2022 16:25:15,495- App: Main is starred
27/апр./2022 16:25:15,495- App: +
27/апр./2022 16:25:15,510- ComandExecuter: ComandExecuter is started
27/апр./2022 16:27:29,243- App: Main is starred
27/апр./2022 16:27:29,243- App: +
27/апр./2022 16:27:29,243- ComandExecuter: ComandExecuter is started
27/апр./2022 16:28:47,228- App: Main is starred
27/апр./2022 16:28:47,228- ComandExecuter: ComandExecuter is started
27/апр./2022 16:37:56,276- App: Main is starred
27/апр./2022 16:37:56,276- ComandExecuter: ComandExecuter is started
27/апр./2022 16:41:30,407- App: Main is starred
27/апр./2022 16:41:30,409- ComandExecuter: ComandExecuter is started
27/апр./2022 16:41:40,645- App: Main is starred
27/апр./2022 16:41:40,650- ComandExecuter: ComandExecuter is started
27/апр./2022 16:41:41,239- TaskDaoImpl: The connection was successful
27/апр./2022 16:41:41,240- TaskDaoImpl: The connection was successful
27/апр./2022 16:42:07,059- App: Main is starred
27/апр./2022 16:42:07,062- ComandExecuter: ComandExecuter is started
27/апр./2022 16:42:07,593- TaskDaoImpl: The connection was successful
27/апр./2022 16:44:10,665- App: Main is starred
27/апр./2022 16:44:10,668- ComandExecuter: ComandExecuter is started
27/апр./2022 16:45:30,327- App: Main is starred
27/апр./2022 16:45:30,330- ComandExecuter: ComandExecuter is started
27/апр./2022 16:51:51,707- App: Main is starred
27/апр./2022 16:51:51,711- ComandExecuter: ComandExecuter is started
27/апр./2022 16:51:52,162- TaskDaoImpl: Connection failed
27/апр./2022 16:52:31,979- App: Main is starred
27/апр./2022 16:52:31,982- ComandExecuter: ComandExecuter is started
27/апр./2022 16:52:32,437- TaskDaoImpl: Connection failed
27/апр./2022 16:52:53,890- App: Main is starred
27/апр./2022 16:52:53,893- ComandExecuter: ComandExecuter is started
27/апр./2022 16:52:54,321- TaskDaoImpl: Connection failed
27/апр./2022 16:53:08,723- App: Main is starred
27/апр./2022 16:53:08,726- ComandExecuter: ComandExecuter is started
27/апр./2022 16:53:51,038- App: Main is starred
27/апр./2022 16:53:51,041- ComandExecuter: ComandExecuter is started
27/апр./2022 16:55:13,336- App: Main is starred
27/апр./2022 16:55:13,339- ComandExecuter: ComandExecuter is started
27/апр./2022 16:56:58,095- App: Main is starred
27/апр./2022 16:56:58,098- ComandExecuter: ComandExecuter is started
27/апр./2022 16:57:11,216- App: Main is starred
27/апр./2022 16:57:11,219- ComandExecuter: ComandExecuter is started
27/апр./2022 16:57:11,665- TaskDaoImpl: Connection from method "addTaskToDB" failed
29/апр./2022 10:02:04,819- App: Main is starred
29/апр./2022 10:02:04,854- ComandExecuter: ComandExecuter is started
29/апр./2022 10:58:28,126- App: Main is starred
29/апр./2022 10:58:28,126- ComandExecuter: ComandExecuter is started
29/апр./2022 11:00:42,970- App: Main is starred
29/апр./2022 11:00:42,970- App: Main is starred
29/апр./2022 11:00:42,970- ComandExecuter: ComandExecuter is started
29/апр./2022 11:00:42,970- ComandExecuter: ComandExecuter is started
29/апр./2022 11:01:29,897- App: Main is starred
29/апр./2022 11:01:29,897- App: Main is starred
29/апр./2022 11:01:29,902- ComandExecuter: ComandExecuter is started
29/апр./2022 11:01:29,902- ComandExecuter: ComandExecuter is started
29/апр./2022 11:09:32,865- App: Main is starred
29/апр./2022 11:09:32,865- App: Main is starred
29/апр./2022 11:09:32,865- ComandExecuter: ComandExecuter is started
29/апр./2022 11:09:32,865- ComandExecuter: ComandExecuter is started
29/апр./2022 11:09:33,253- UserDaoImpl: Connection from method "AddUserToDB" failed
org.postgresql.util.PSQLException: ОШИБКА: повторяющееся значение ключа нарушает ограничение уникальности "users_userunicname_key"
  Подробности: Ключ "(userunicname)=(Test2)" уже существует.
	at org.postgresql.core.v3.QueryExecutorImpl.receiveErrorResponse(QueryExecutorImpl.java:2675)
	at org.postgresql.core.v3.QueryExecutorImpl.processResults(QueryExecutorImpl.java:2365)
	at org.postgresql.core.v3.QueryExecutorImpl.execute(QueryExecutorImpl.java:355)
	at org.postgresql.jdbc.PgStatement.executeInternal(PgStatement.java:490)
	at org.postgresql.jdbc.PgStatement.execute(PgStatement.java:408)
	at org.postgresql.jdbc.PgPreparedStatement.executeWithFlags(PgPreparedStatement.java:166)
	at org.postgresql.jdbc.PgPreparedStatement.executeUpdate(PgPreparedStatement.java:134)
	at org.daoTaskManager.abstractFactory.daoFactory.UserDaoImpl.AddUserToDB(UserDaoImpl.java:89)
	at org.daoTaskManager.servicesImpl.UserServiceImpl.createUser(UserServiceImpl.java:20)
	at org.daoTaskManager.utils.ComandExecuter.filtrFromArgs(ComandExecuter.java:30)
	at org.daoTaskManager.App.main(App.java:15)
29/апр./2022 11:09:33,253- UserDaoImpl: Connection from method "AddUserToDB" failed
org.postgresql.util.PSQLException: ОШИБКА: повторяющееся значение ключа нарушает ограничение уникальности "users_userunicname_key"
  Подробности: Ключ "(userunicname)=(Test2)" уже существует.
	at org.postgresql.core.v3.QueryExecutorImpl.receiveErrorResponse(QueryExecutorImpl.java:2675)
	at org.postgresql.core.v3.QueryExecutorImpl.processResults(QueryExecutorImpl.java:2365)
	at org.postgresql.core.v3.QueryExecutorImpl.execute(QueryExecutorImpl.java:355)
	at org.postgresql.jdbc.PgStatement.executeInternal(PgStatement.java:490)
	at org.postgresql.jdbc.PgStatement.execute(PgStatement.java:408)
	at org.postgresql.jdbc.PgPreparedStatement.executeWithFlags(PgPreparedStatement.java:166)
	at org.postgresql.jdbc.PgPreparedStatement.executeUpdate(PgPreparedStatement.java:134)
	at org.daoTaskManager.abstractFactory.daoFactory.UserDaoImpl.AddUserToDB(UserDaoImpl.java:89)
	at org.daoTaskManager.servicesImpl.UserServiceImpl.createUser(UserServiceImpl.java:20)
	at org.daoTaskManager.utils.ComandExecuter.filtrFromArgs(ComandExecuter.java:30)
	at org.daoTaskManager.App.main(App.java:15)
29/апр./2022 11:11:06,871- App: Main is starred
29/апр./2022 11:11:06,871- App: Main is starred
29/апр./2022 11:11:06,873- ComandExecuter: ComandExecuter is started
29/апр./2022 11:11:06,873- ComandExecuter: ComandExecuter is started
29/апр./2022 11:11:07,273- UserDaoImpl: Connection from method "AddUserToDB" failedorg.postgresql.util.PSQLException: ОШИБКА: повторяющееся значение ключа нарушает ограничение уникальности "users_userunicname_key"
  Подробности: Ключ "(userunicname)=(Test2)" уже существует.
29/апр./2022 11:11:07,273- UserDaoImpl: Connection from method "AddUserToDB" failedorg.postgresql.util.PSQLException: ОШИБКА: повторяющееся значение ключа нарушает ограничение уникальности "users_userunicname_key"
  Подробности: Ключ "(userunicname)=(Test2)" уже существует.
29/апр./2022 11:36:58,905- App: Main is starred
29/апр./2022 11:36:58,905- App: Main is starred
29/апр./2022 11:36:58,910- ComandExecuter: ComandExecuter is started
29/апр./2022 11:36:58,910- ComandExecuter: ComandExecuter is started
29/апр./2022 11:40:25,928- App: Main is starred
29/апр./2022 11:40:25,928- App: Main is starred
29/апр./2022 11:40:25,928- ComandExecuter: ComandExecuter is started
29/апр./2022 11:40:25,928- ComandExecuter: ComandExecuter is started
29/апр/2022 11:40:59,807- App: Main is starred
29/апр/2022 11:40:59,807- App: Main is starred
29/апр/2022 11:40:59,807- ComandExecuter: ComandExecuter is started
29/апр/2022 11:40:59,807- ComandExecuter: ComandExecuter is started
29/апр/2022 11:41:00,495- UserDaoImpl: Connection from method "AddUserToDB" failedorg.postgresql.util.PSQLException: ОШИБКА: повторяющееся значение ключа нарушает ограничение уникальности "users_userunicname_key"
  Подробности: Ключ "(userunicname)=(Test1)" уже существует.
29/апр/2022 11:41:00,495- UserDaoImpl: Connection from method "AddUserToDB" failedorg.postgresql.util.PSQLException: ОШИБКА: повторяющееся значение ключа нарушает ограничение уникальности "users_userunicname_key"
  Подробности: Ключ "(userunicname)=(Test1)" уже существует.
29/апр/2022 11:41:25,608- App: Main is starred
29/апр/2022 11:41:25,608- App: Main is starred
29/апр/2022 11:41:25,608- ComandExecuter: ComandExecuter is started
29/апр/2022 11:41:25,608- ComandExecuter: ComandExecuter is started
29/апр/2022 11:41:26,016- UserDaoImpl: Connection from method "AddUserToDB" failedorg.postgresql.util.PSQLException: ОШИБКА: повторяющееся значение ключа нарушает ограничение уникальности "users_userunicname_key"
  Подробности: Ключ "(userunicname)=(Test1)" уже существует.
29/апр/2022 11:41:26,016- UserDaoImpl: Connection from method "AddUserToDB" failedorg.postgresql.util.PSQLException: ОШИБКА: повторяющееся значение ключа нарушает ограничение уникальности "users_userunicname_key"
  Подробности: Ключ "(userunicname)=(Test1)" уже существует.
29/апр./2022 11:46:41,278- App: Main is starred
29/апр./2022 11:46:41,278- App: Main is starred
29/апр./2022 11:46:41,278- ComandExecuter: ComandExecuter is started
29/апр./2022 11:46:41,278- ComandExecuter: ComandExecuter is started
29/апр./2022 11:46:41,654- UserServiceImpl: The method "showAllUsers"
29/апр./2022 11:46:41,654- UserServiceImpl: The method "showAllUsers"
29/апр./2022 11:46:59,291- App: Main is starred
29/апр./2022 11:46:59,291- App: Main is starred
29/апр./2022 11:46:59,291- ComandExecuter: ComandExecuter is started
29/апр./2022 11:46:59,291- ComandExecuter: ComandExecuter is started
29/апр./2022 11:46:59,661- UserDaoImpl: Connection from method "AddUserToDB" failedorg.postgresql.util.PSQLException: ОШИБКА: повторяющееся значение ключа нарушает ограничение уникальности "users_userunicname_key"
  Подробности: Ключ "(userunicname)=(Test2)" уже существует.
29/апр./2022 11:46:59,661- UserDaoImpl: Connection from method "AddUserToDB" failedorg.postgresql.util.PSQLException: ОШИБКА: повторяющееся значение ключа нарушает ограничение уникальности "users_userunicname_key"
  Подробности: Ключ "(userunicname)=(Test2)" уже существует.
29/апр./2022 11:46:59,661- UserServiceImpl: Was got data from configuration, method createUser
29/апр./2022 11:46:59,661- UserServiceImpl: Was got data from configuration, method createUser
29/апр./2022 11:54:50,782- App: Main is starred
29/апр./2022 11:54:50,782- App: Main is starred
29/апр./2022 11:54:50,797- ComandExecuter: ComandExecuter is started
29/апр./2022 11:54:50,797- ComandExecuter: ComandExecuter is started
29/апр./2022 11:54:51,166- UserDaoImpl: Connection from method "AddUserToDB" failedorg.postgresql.util.PSQLException: ОШИБКА: повторяющееся значение ключа нарушает ограничение уникальности "users_userunicname_key"
  Подробности: Ключ "(userunicname)=(Test2)" уже существует.
29/апр./2022 11:54:51,166- UserDaoImpl: Connection from method "AddUserToDB" failedorg.postgresql.util.PSQLException: ОШИБКА: повторяющееся значение ключа нарушает ограничение уникальности "users_userunicname_key"
  Подробности: Ключ "(userunicname)=(Test2)" уже существует.
29/апр./2022 11:54:51,166- UserServiceImpl: Was got data from configuration, method createUser
29/апр./2022 11:54:51,166- UserServiceImpl: Was got data from configuration, method createUser
29/апр./2022 11:54:55,861- App: Main is starred
29/апр./2022 11:54:55,861- App: Main is starred
29/апр./2022 11:54:55,877- ComandExecuter: ComandExecuter is started
29/апр./2022 11:54:55,877- ComandExecuter: ComandExecuter is started
29/апр./2022 11:54:56,312- TaskServiceImpl: Method showAllTasksOnUserID is done
29/апр./2022 11:54:56,312- TaskServiceImpl: Method showAllTasksOnUserID is done
29/апр./2022 12:03:22,648- App: Main is starred
29/апр./2022 12:03:22,648- App: Main is starred
29/апр./2022 12:03:22,648- ComandExecuter: ComandExecuter is started
29/апр./2022 12:03:22,648- ComandExecuter: ComandExecuter is started
29/апр./2022 12:03:23,078- TaskServiceImpl: Method showAllTasksOnUserID is done
29/апр./2022 12:03:23,078- TaskServiceImpl: Method showAllTasksOnUserID is done
29/апр./2022 12:03:23,078- ComandExecuter: showTasks is done
29/апр./2022 12:03:23,078- ComandExecuter: showTasks is done
30/апр./2022 15:50:29,849- App: Main is starred
30/апр./2022 15:50:29,849- App: Main is starred
30/апр./2022 15:50:29,865- ComandExecuter: ComandExecuter is started
30/апр./2022 15:50:29,865- ComandExecuter: ComandExecuter is started
30/апр./2022 15:50:29,865- ComandExecuter: Command not use, try again
30/апр./2022 15:50:29,865- ComandExecuter: Command not use, try again
30/апр./2022 16:00:24,535- App: Main is starred
30/апр./2022 16:00:24,535- App: Main is starred
30/апр./2022 16:00:24,535- ComandExecuter: ComandExecuter is started
30/апр./2022 16:00:24,535- ComandExecuter: ComandExecuter is started
30/апр./2022 16:00:24,535- ComandExecuter: Command not use, try again
30/апр./2022 16:00:24,535- ComandExecuter: Command not use, try again
30/апр./2022 16:06:07,847- App: Main is starred
30/апр./2022 16:06:07,847- App: Main is starred
30/апр./2022 16:06:07,847- ComandExecuter: ComandExecuter is started
30/апр./2022 16:06:07,847- ComandExecuter: ComandExecuter is started
30/апр./2022 16:06:07,863- ComandExecuter: Command not use, try again
30/апр./2022 16:06:07,863- ComandExecuter: Command not use, try again
30/апр./2022 16:06:33,217- App: Main is starred
30/апр./2022 16:06:33,217- App: Main is starred
30/апр./2022 16:06:33,217- ComandExecuter: ComandExecuter is started
30/апр./2022 16:06:33,217- ComandExecuter: ComandExecuter is started
30/апр./2022 16:06:33,217- ComandExecuter: Command not use, try again
30/апр./2022 16:06:33,217- ComandExecuter: Command not use, try again
30/апр./2022 16:06:48,635- App: Main is starred
30/апр./2022 16:06:48,635- App: Main is starred
30/апр./2022 16:06:48,635- ComandExecuter: ComandExecuter is started
30/апр./2022 16:06:48,635- ComandExecuter: ComandExecuter is started
30/апр./2022 16:06:48,635- ComandExecuter: Command not use, try again
30/апр./2022 16:06:48,635- ComandExecuter: Command not use, try again
30/апр./2022 16:23:22,578- App: Main is starred
30/апр./2022 16:23:22,578- App: Main is starred
30/апр./2022 16:23:22,578- ComandExecuter: ComandExecuter is started
30/апр./2022 16:23:22,578- ComandExecuter: ComandExecuter is started
30/апр./2022 16:23:22,578- ComandExecuter: Command not use, try again
30/апр./2022 16:23:22,578- ComandExecuter: Command not use, try again
30/апр./2022 16:24:00,208- App: Main is starred
30/апр./2022 16:24:00,208- App: Main is starred
30/апр./2022 16:24:00,208- ComandExecuter: ComandExecuter is started
30/апр./2022 16:24:00,208- ComandExecuter: ComandExecuter is started
30/апр./2022 16:24:00,208- ComandExecuter: Command not use, try again
30/апр./2022 16:24:00,208- ComandExecuter: Command not use, try again
30/апр./2022 16:25:22,957- App: Main is starred
30/апр./2022 16:25:22,957- App: Main is starred
30/апр./2022 16:25:22,972- ComandExecuter: ComandExecuter is started
30/апр./2022 16:25:22,972- ComandExecuter: ComandExecuter is started
30/апр./2022 16:25:22,972- ComandExecuter: Command not use, try again
30/апр./2022 16:25:22,972- ComandExecuter: Command not use, try again
30/апр./2022 16:26:26,925- App: Main is starred
30/апр./2022 16:26:26,925- App: Main is starred
30/апр./2022 16:26:26,941- ComandExecuter: ComandExecuter is started
30/апр./2022 16:26:26,941- ComandExecuter: ComandExecuter is started
30/апр./2022 16:26:26,941- ComandExecuter: Command not use, try again
30/апр./2022 16:26:26,941- ComandExecuter: Command not use, try again
30/апр./2022 16:27:06,179- App: Main is starred
30/апр./2022 16:27:06,179- App: Main is starred
30/апр./2022 16:27:06,179- ComandExecuter: ComandExecuter is started
30/апр./2022 16:27:06,179- ComandExecuter: ComandExecuter is started
30/апр./2022 16:27:06,179- ComandExecuter: Command not use, try again
30/апр./2022 16:27:06,179- ComandExecuter: Command not use, try again
30/апр./2022 16:33:24,858- App: Main is starred
30/апр./2022 16:33:24,858- App: Main is starred
30/апр./2022 16:33:24,858- ComandExecuter: ComandExecuter is started
30/апр./2022 16:33:24,858- ComandExecuter: ComandExecuter is started
30/апр./2022 16:33:24,858- ComandExecuter: Command not use, try again
30/апр./2022 16:33:24,858- ComandExecuter: Command not use, try again
30/апр./2022 16:37:15,263- App: Main is starred
30/апр./2022 16:37:15,263- App: Main is starred
30/апр./2022 16:37:15,263- App: class org.daoTaskManager.App
30/апр./2022 16:37:15,263- App: class org.daoTaskManager.App
30/апр./2022 16:37:15,278- ComandExecuter: ComandExecuter is started
30/апр./2022 16:37:15,278- ComandExecuter: ComandExecuter is started
30/апр./2022 16:37:15,278- ComandExecuter: Command not use, try again
30/апр./2022 16:37:15,278- ComandExecuter: Command not use, try again
25/мая/2022 10:07:40,960- App: Main is starred
25/мая/2022 10:07:40,960- App: Main is starred
25/мая/2022 10:09:13,981- App: Main is starred
25/мая/2022 10:09:13,981- App: Main is starred
25/мая/2022 10:09:56,816- App: Main is starred
25/мая/2022 10:09:56,816- App: Main is starred
25/мая/2022 10:10:06,163- App: Main is starred
25/мая/2022 10:10:06,163- App: Main is starred
25/мая/2022 10:11:22,496- App: Main is starred
25/мая/2022 10:11:22,496- App: Main is starred
25/мая/2022 10:11:22,523- ComandExecuter: ComandExecuter is started
25/мая/2022 10:11:22,523- ComandExecuter: ComandExecuter is started
25/мая/2022 10:11:23,070- TaskServiceImpl: Method showAllTasksOnUserID is done
25/мая/2022 10:11:23,070- TaskServiceImpl: Method showAllTasksOnUserID is done
25/мая/2022 10:11:23,070- ComandExecuter: showTasks is done
25/мая/2022 10:11:23,070- ComandExecuter: showTasks is done
25/мая/2022 10:13:30,342- App: Main is starred
25/мая/2022 10:13:30,342- App: Main is starred
25/мая/2022 10:13:30,352- ComandExecuter: ComandExecuter is started
25/мая/2022 10:13:30,352- ComandExecuter: ComandExecuter is started
25/мая/2022 10:16:10,166- App: Main is starred
25/мая/2022 10:16:10,166- App: Main is starred
25/мая/2022 10:16:10,170- ComandExecuter: ComandExecuter is started
25/мая/2022 10:16:10,170- ComandExecuter: ComandExecuter is started
25/мая/2022 10:33:29,736- App: Main is starred
25/мая/2022 10:33:29,736- App: Main is starred
25/мая/2022 10:33:29,741- ComandExecuter: ComandExecuter is started
25/мая/2022 10:33:29,741- ComandExecuter: ComandExecuter is started
25/мая/2022 10:34:37,266- App: Main is starred
25/мая/2022 10:34:37,266- App: Main is starred
25/мая/2022 10:34:37,268- ComandExecuter: ComandExecuter is started
25/мая/2022 10:34:37,268- ComandExecuter: ComandExecuter is started
25/мая/2022 10:34:57,687- App: Main is starred
25/мая/2022 10:34:57,687- App: Main is starred
25/мая/2022 10:34:57,690- ComandExecuter: ComandExecuter is started
25/мая/2022 10:34:57,690- ComandExecuter: ComandExecuter is started
25/мая/2022 10:35:02,473- App: Main is starred
25/мая/2022 10:35:02,473- App: Main is starred
25/мая/2022 10:35:02,504- ComandExecuter: ComandExecuter is started
25/мая/2022 10:35:02,504- ComandExecuter: ComandExecuter is started
25/мая/2022 10:35:48,459- App: Main is starred
25/мая/2022 10:35:48,459- App: Main is starred
25/мая/2022 10:35:48,466- ComandExecuter: ComandExecuter is started
25/мая/2022 10:35:48,466- ComandExecuter: ComandExecuter is started
25/мая/2022 10:36:33,056- App: Main is starred
25/мая/2022 10:36:33,056- App: Main is starred
25/мая/2022 10:36:33,061- ComandExecuter: ComandExecuter is started
25/мая/2022 10:36:33,061- ComandExecuter: ComandExecuter is started
25/мая/2022 10:36:51,709- App: Main is starred
25/мая/2022 10:36:51,709- App: Main is starred
25/мая/2022 10:36:51,720- ComandExecuter: ComandExecuter is started
25/мая/2022 10:36:51,720- ComandExecuter: ComandExecuter is started
25/мая/2022 10:37:14,735- App: Main is starred
25/мая/2022 10:37:14,735- App: Main is starred
25/мая/2022 10:37:14,743- ComandExecuter: ComandExecuter is started
25/мая/2022 10:37:14,743- ComandExecuter: ComandExecuter is started
25/мая/2022 10:37:29,333- App: Main is starred
25/мая/2022 10:37:29,333- App: Main is starred
25/мая/2022 10:37:29,340- ComandExecuter: ComandExecuter is started
25/мая/2022 10:37:29,340- ComandExecuter: ComandExecuter is started
25/мая/2022 10:39:02,311- App: Main is starred
25/мая/2022 10:39:02,311- App: Main is starred
25/мая/2022 10:39:02,317- ComandExecuter: ComandExecuter is started
25/мая/2022 10:39:02,317- ComandExecuter: ComandExecuter is started
25/мая/2022 11:06:08,027- App: Main is starred
25/мая/2022 11:06:08,027- App: Main is starred
25/мая/2022 11:06:08,030- ComandExecuter: ComandExecuter is started
25/мая/2022 11:06:08,030- ComandExecuter: ComandExecuter is started
25/мая/2022 11:08:14,394- App: Main is starred
25/мая/2022 11:08:14,394- App: Main is starred
25/мая/2022 11:08:14,413- ComandExecuter: ComandExecuter is started
25/мая/2022 11:08:14,413- ComandExecuter: ComandExecuter is started
25/мая/2022 11:09:18,853- App: Main is starred
25/мая/2022 11:09:18,853- App: Main is starred
25/мая/2022 11:09:18,863- ComandExecuter: ComandExecuter is started
25/мая/2022 11:09:18,863- ComandExecuter: ComandExecuter is started
25/мая/2022 11:09:31,428- App: Main is starred
25/мая/2022 11:09:31,428- App: Main is starred
25/мая/2022 11:09:31,432- ComandExecuter: ComandExecuter is started
25/мая/2022 11:09:31,432- ComandExecuter: ComandExecuter is started
25/мая/2022 11:11:00,954- App: Main is starred
25/мая/2022 11:11:00,954- App: Main is starred
25/мая/2022 11:11:00,964- ComandExecuter: ComandExecuter is started
25/мая/2022 11:11:00,964- ComandExecuter: ComandExecuter is started
25/мая/2022 11:11:59,797- App: Main is starred
25/мая/2022 11:11:59,797- App: Main is starred
25/мая/2022 11:11:59,807- ComandExecuter: ComandExecuter is started
25/мая/2022 11:11:59,807- ComandExecuter: ComandExecuter is started
25/мая/2022 11:12:19,674- App: Main is starred
25/мая/2022 11:12:19,674- App: Main is starred
25/мая/2022 11:12:19,677- ComandExecuter: ComandExecuter is started
25/мая/2022 11:12:19,677- ComandExecuter: ComandExecuter is started
25/мая/2022 11:18:58,000- App: Main is starred
25/мая/2022 11:18:58,000- App: Main is starred
25/мая/2022 11:21:24,874- App: Main is starred
25/мая/2022 11:21:24,874- App: Main is starred
25/мая/2022 11:36:46,618- App: Main is starred
25/мая/2022 11:36:46,618- App: Main is starred
25/мая/2022 11:36:46,632- DaoFactoryImpl: No object
25/мая/2022 11:36:46,632- DaoFactoryImpl: No object
25/мая/2022 11:38:56,481- App: Main is starred
25/мая/2022 11:38:56,481- App: Main is starred
25/мая/2022 11:38:56,491- DaoFactoryImpl: No object
25/мая/2022 11:38:56,491- DaoFactoryImpl: No object
25/мая/2022 11:49:14,958- App: Main is starred
25/мая/2022 11:49:14,958- App: Main is starred
25/мая/2022 11:59:25,237- App: Main is starred
25/мая/2022 11:59:25,237- App: Main is starred
25/мая/2022 12:18:07,385- App: Main is starred
25/мая/2022 12:18:07,385- App: Main is starred
25/мая/2022 12:18:07,397- ComandExecuter: ComandExecuter is started
25/мая/2022 12:18:07,397- ComandExecuter: ComandExecuter is started
25/мая/2022 12:18:07,404- DaoFactoryImpl: Was returned object UserDaoImpl
25/мая/2022 12:18:07,404- DaoFactoryImpl: Was returned object UserDaoImpl
25/мая/2022 12:18:07,799- UserServiceImpl: The method "showAllUsers"
25/мая/2022 12:18:07,799- UserServiceImpl: The method "showAllUsers"
25/мая/2022 12:18:07,800- ComandExecuter: showAllUsers is done
25/мая/2022 12:18:07,800- ComandExecuter: showAllUsers is done
25/мая/2022 12:23:19,224- App: Main is starred
25/мая/2022 12:23:19,224- App: Main is starred
25/мая/2022 12:23:19,245- ComandExecuter: ComandExecuter is started
25/мая/2022 12:23:19,245- ComandExecuter: ComandExecuter is started
25/мая/2022 12:23:19,255- DaoFactoryImpl: Was returned object TaskDaoImpl
25/мая/2022 12:23:19,255- DaoFactoryImpl: Was returned object TaskDaoImpl
25/мая/2022 12:24:06,183- App: Main is starred
25/мая/2022 12:24:06,183- App: Main is starred
25/мая/2022 12:24:06,187- ComandExecuter: ComandExecuter is started
25/мая/2022 12:24:06,187- ComandExecuter: ComandExecuter is started
25/мая/2022 12:24:06,191- DaoFactoryImpl: Was returned object UserDaoImpl
25/мая/2022 12:24:06,191- DaoFactoryImpl: Was returned object UserDaoImpl
25/мая/2022 12:24:06,576- UserServiceImpl: The method "showAllUsers"
25/мая/2022 12:24:06,576- UserServiceImpl: The method "showAllUsers"
25/мая/2022 12:24:06,577- ComandExecuter: showAllUsers is done
25/мая/2022 12:24:06,577- ComandExecuter: showAllUsers is done
25/мая/2022 12:24:32,071- App: Main is starred
25/мая/2022 12:24:32,071- App: Main is starred
25/мая/2022 12:24:32,081- ComandExecuter: ComandExecuter is started
25/мая/2022 12:24:32,081- ComandExecuter: ComandExecuter is started
25/мая/2022 12:24:32,087- DaoFactoryImpl: Was returned object UserDaoImpl
25/мая/2022 12:24:32,087- DaoFactoryImpl: Was returned object UserDaoImpl
25/мая/2022 12:24:32,479- UserServiceImpl: The method "showAllUsers"
25/мая/2022 12:24:32,479- UserServiceImpl: The method "showAllUsers"
25/мая/2022 12:24:32,479- ComandExecuter: showAllUsers is done
25/мая/2022 12:24:32,479- ComandExecuter: showAllUsers is done
25/мая/2022 12:25:29,523- App: Main is starred
25/мая/2022 12:25:29,523- App: Main is starred
25/мая/2022 12:25:29,528- ComandExecuter: ComandExecuter is started
25/мая/2022 12:25:29,528- ComandExecuter: ComandExecuter is started
25/мая/2022 12:25:29,533- DaoFactoryImpl: Was returned object TaskDaoImpl
25/мая/2022 12:25:29,533- DaoFactoryImpl: Was returned object TaskDaoImpl
25/мая/2022 12:33:53,004- App: Main is starred
25/мая/2022 12:33:53,004- App: Main is starred
25/мая/2022 12:33:53,015- ComandExecuter: ComandExecuter is started
25/мая/2022 12:33:53,015- ComandExecuter: ComandExecuter is started
25/мая/2022 12:33:53,020- DaoFactoryImpl: Was returned object UserDaoImpl
25/мая/2022 12:33:53,020- DaoFactoryImpl: Was returned object UserDaoImpl
25/мая/2022 12:33:53,023- DaoFactoryImpl: Was returned object TaskDaoImpl
25/мая/2022 12:33:53,023- DaoFactoryImpl: Was returned object TaskDaoImpl
25/мая/2022 12:33:53,603- TaskServiceImpl: Method createTaskFromDB is done
25/мая/2022 12:33:53,603- TaskServiceImpl: Method createTaskFromDB is done
25/мая/2022 12:33:53,603- ComandExecuter: addTask is done
25/мая/2022 12:33:53,603- ComandExecuter: addTask is done
25/мая/2022 12:47:27,325- App: Main is starred
25/мая/2022 12:47:27,325- App: Main is starred
25/мая/2022 12:47:27,354- ComandExecuter: ComandExecuter is started
25/мая/2022 12:47:27,354- ComandExecuter: ComandExecuter is started
25/мая/2022 12:47:27,359- DaoFactoryImpl: Was returned object UserDaoImpl
25/мая/2022 12:47:27,359- DaoFactoryImpl: Was returned object UserDaoImpl
25/мая/2022 12:47:27,731- UserServiceImpl: The method "showAllUsers"
25/мая/2022 12:47:27,731- UserServiceImpl: The method "showAllUsers"
25/мая/2022 12:47:27,731- ComandExecuter: showAllUsers is done
25/мая/2022 12:47:27,731- ComandExecuter: showAllUsers is done
25/мая/2022 13:01:14,928- App: Main is starred
25/мая/2022 13:01:14,928- App: Main is starred
25/мая/2022 13:01:14,931- ComandExecuter: ComandExecuter is started
25/мая/2022 13:01:14,931- ComandExecuter: ComandExecuter is started
25/мая/2022 13:01:14,935- DaoFactoryImpl: Was returned object UserDaoImpl
25/мая/2022 13:01:14,935- DaoFactoryImpl: Was returned object UserDaoImpl
25/мая/2022 13:01:15,337- UserServiceImpl: The method "showAllUsers"
25/мая/2022 13:01:15,337- UserServiceImpl: The method "showAllUsers"
25/мая/2022 13:01:15,338- ComandExecuter: showAllUsers is done
25/мая/2022 13:01:15,338- ComandExecuter: showAllUsers is done
25/мая/2022 13:01:26,291- App: Main is starred
25/мая/2022 13:01:26,291- App: Main is starred
25/мая/2022 13:01:26,294- ComandExecuter: ComandExecuter is started
25/мая/2022 13:01:26,294- ComandExecuter: ComandExecuter is started
25/мая/2022 13:01:26,300- DaoFactoryImpl: Was returned object TaskDaoImpl
25/мая/2022 13:01:26,300- DaoFactoryImpl: Was returned object TaskDaoImpl
25/мая/2022 13:01:26,833- TaskServiceImpl: Method showAllTasksOnUserID is done
25/мая/2022 13:01:26,833- TaskServiceImpl: Method showAllTasksOnUserID is done
25/мая/2022 13:01:26,833- ComandExecuter: showTasks is done
25/мая/2022 13:01:26,833- ComandExecuter: showTasks is done
26/мая/2022 11:13:35,967- App: Main is starred
26/мая/2022 11:13:35,967- App: Main is starred
26/мая/2022 11:13:35,999- ComandExecuter: ComandExecuter is started
26/мая/2022 11:13:35,999- ComandExecuter: ComandExecuter is started
26/мая/2022 11:13:36,005- DaoFactoryImpl: Was returned object TaskDaoImpl
26/мая/2022 11:13:36,005- DaoFactoryImpl: Was returned object TaskDaoImpl
26/мая/2022 11:13:36,528- TaskServiceImpl: Method showAllTasksOnUserID is done
26/мая/2022 11:13:36,528- TaskServiceImpl: Method showAllTasksOnUserID is done
26/мая/2022 11:13:36,528- ComandExecuter: showTasks is done
26/мая/2022 11:13:36,528- ComandExecuter: showTasks is done
26/мая/2022 12:24:43,104- App: Main is starred
26/мая/2022 12:24:43,104- App: Main is starred
26/мая/2022 12:24:43,120- DaoFactoryImpl: Was returned object UserDaoImpl
26/мая/2022 12:24:43,120- DaoFactoryImpl: Was returned object UserDaoImpl
26/мая/2022 12:24:43,136- DaoFactoryImpl: Was returned object UserDaoImpl
26/мая/2022 12:24:43,136- DaoFactoryImpl: Was returned object UserDaoImpl
26/мая/2022 12:24:43,136- DaoFactoryImpl: Was returned object TaskDaoImpl
26/мая/2022 12:24:43,136- DaoFactoryImpl: Was returned object TaskDaoImpl
26/мая/2022 12:24:43,136- ComandExecuter: ComandExecuter is started
26/мая/2022 12:24:43,136- ComandExecuter: ComandExecuter is started
26/мая/2022 12:24:43,667- TaskServiceImpl: Method showAllTasksOnUserID is done
26/мая/2022 12:24:43,667- TaskServiceImpl: Method showAllTasksOnUserID is done
26/мая/2022 12:24:43,667- ComandExecuter: showTasks is done
26/мая/2022 12:24:43,667- ComandExecuter: showTasks is done
26/мая/2022 12:24:49,887- App: Main is starred
26/мая/2022 12:24:49,887- App: Main is starred
26/мая/2022 12:24:49,887- DaoFactoryImpl: Was returned object UserDaoImpl
26/мая/2022 12:24:49,887- DaoFactoryImpl: Was returned object UserDaoImpl
26/мая/2022 12:24:49,902- DaoFactoryImpl: Was returned object UserDaoImpl
26/мая/2022 12:24:49,902- DaoFactoryImpl: Was returned object UserDaoImpl
26/мая/2022 12:24:49,902- DaoFactoryImpl: Was returned object TaskDaoImpl
26/мая/2022 12:24:49,902- DaoFactoryImpl: Was returned object TaskDaoImpl
26/мая/2022 12:24:49,902- ComandExecuter: ComandExecuter is started
26/мая/2022 12:24:49,902- ComandExecuter: ComandExecuter is started
26/мая/2022 12:24:50,294- UserServiceImpl: The method "showAllUsers"
26/мая/2022 12:24:50,294- UserServiceImpl: The method "showAllUsers"
26/мая/2022 12:24:50,294- ComandExecuter: showAllUsers is done
26/мая/2022 12:24:50,294- ComandExecuter: showAllUsers is done
